<?xml version="1.0" encoding="UTF-8"?>
<testsuite name="com.stimulus.web.HelloControllerTest" tests="2" skipped="0" failures="0" errors="0" timestamp="2022-03-21T05:27:17" hostname="theinesui-MacBook-Pro.local" time="0.213">
  <properties/>
  <testcase name="hello가_리턴된다" classname="com.stimulus.web.HelloControllerTest" time="0.078"/>
  <testcase name="helloDto가_리턴된다" classname="com.stimulus.web.HelloControllerTest" time="0.133"/>
  <system-out><![CDATA[2022-03-21 14:27:16.430  INFO 1378 --- [    Test worker] .b.t.a.w.s.WebMvcTestContextBootstrapper : Neither @ContextConfiguration nor @ContextHierarchy found for test class [com.stimulus.web.HelloControllerTest], using SpringBootContextLoader
2022-03-21 14:27:16.431  INFO 1378 --- [    Test worker] o.s.t.c.support.AbstractContextLoader    : Could not detect default resource locations for test class [com.stimulus.web.HelloControllerTest]: no resource found for suffixes {-context.xml, Context.groovy}.
2022-03-21 14:27:16.432  INFO 1378 --- [    Test worker] t.c.s.AnnotationConfigContextLoaderUtils : Could not detect default configuration classes for test class [com.stimulus.web.HelloControllerTest]: HelloControllerTest does not declare any static, non-private, non-final, nested classes annotated with @Configuration.
2022-03-21 14:27:16.453  INFO 1378 --- [    Test worker] .b.t.c.SpringBootTestContextBootstrapper : Found @SpringBootConfiguration com.stimulus.Application for test class com.stimulus.web.HelloControllerTest
2022-03-21 14:27:16.455  INFO 1378 --- [    Test worker] .b.t.a.w.s.WebMvcTestContextBootstrapper : Loaded default TestExecutionListener class names from location [META-INF/spring.factories]: [org.springframework.security.test.context.support.WithSecurityContextTestExecutionListener, org.springframework.security.test.context.support.ReactorContextTestExecutionListener, org.springframework.boot.test.autoconfigure.restdocs.RestDocsTestExecutionListener, org.springframework.boot.test.autoconfigure.web.client.MockRestServiceServerResetTestExecutionListener, org.springframework.boot.test.autoconfigure.web.servlet.MockMvcPrintOnlyOnFailureTestExecutionListener, org.springframework.boot.test.autoconfigure.web.servlet.WebDriverTestExecutionListener, org.springframework.boot.test.autoconfigure.webservices.client.MockWebServiceServerTestExecutionListener, org.springframework.boot.test.mock.mockito.MockitoTestExecutionListener, org.springframework.boot.test.mock.mockito.ResetMocksTestExecutionListener, org.springframework.test.context.web.ServletTestExecutionListener, org.springframework.test.context.support.DirtiesContextBeforeModesTestExecutionListener, org.springframework.test.context.event.ApplicationEventsTestExecutionListener, org.springframework.test.context.support.DependencyInjectionTestExecutionListener, org.springframework.test.context.support.DirtiesContextTestExecutionListener, org.springframework.test.context.transaction.TransactionalTestExecutionListener, org.springframework.test.context.jdbc.SqlScriptsTestExecutionListener, org.springframework.test.context.event.EventPublishingTestExecutionListener]
2022-03-21 14:27:16.456  INFO 1378 --- [    Test worker] .b.t.a.w.s.WebMvcTestContextBootstrapper : Using TestExecutionListeners: [org.springframework.test.context.web.ServletTestExecutionListener@2d9e075d, org.springframework.test.context.support.DirtiesContextBeforeModesTestExecutionListener@254546c4, org.springframework.test.context.event.ApplicationEventsTestExecutionListener@9a02a3c, org.springframework.boot.test.mock.mockito.MockitoTestExecutionListener@18807080, org.springframework.boot.test.autoconfigure.SpringBootDependencyInjectionTestExecutionListener@45f92822, org.springframework.test.context.support.DirtiesContextTestExecutionListener@4a05353f, org.springframework.test.context.transaction.TransactionalTestExecutionListener@427c1789, org.springframework.test.context.jdbc.SqlScriptsTestExecutionListener@59e36b36, org.springframework.security.test.context.support.WithSecurityContextTestExecutionListener@55d7f010, org.springframework.test.context.event.EventPublishingTestExecutionListener@36989b58, org.springframework.security.test.context.support.ReactorContextTestExecutionListener@14fa125d, org.springframework.boot.test.autoconfigure.restdocs.RestDocsTestExecutionListener@5682712f, org.springframework.boot.test.autoconfigure.web.client.MockRestServiceServerResetTestExecutionListener@3c3f4c9f, org.springframework.boot.test.autoconfigure.web.servlet.MockMvcPrintOnlyOnFailureTestExecutionListener@4e0f521b, org.springframework.boot.test.autoconfigure.web.servlet.WebDriverTestExecutionListener@aa3c97d, org.springframework.boot.test.autoconfigure.webservices.client.MockWebServiceServerTestExecutionListener@4f6dda0f, org.springframework.boot.test.mock.mockito.ResetMocksTestExecutionListener@9f03cc9]

  .   ____          _            __ _ _
 /\\ / ___'_ __ _ _(_)_ __  __ _ \ \ \ \
( ( )\___ | '_ | '_| | '_ \/ _` | \ \ \ \
 \\/  ___)| |_)| | | | | || (_| |  ) ) ) )
  '  |____| .__|_| |_|_| |_\__, | / / / /
 =========|_|==============|___/=/_/_/_/
 :: Spring Boot ::                (v2.6.3)

2022-03-21 14:27:16.495  INFO 1378 --- [    Test worker] com.stimulus.web.HelloControllerTest     : Starting HelloControllerTest using Java 1.8.0_292 on theinesui-MacBook-Pro.local with PID 1378 (started by theines in /Users/theines/Desktop/projects/springboot/stimulus)
2022-03-21 14:27:16.495  INFO 1378 --- [    Test worker] com.stimulus.web.HelloControllerTest     : The following profiles are active: oauth
2022-03-21 14:27:16.828  INFO 1378 --- [    Test worker] o.s.b.a.w.s.WelcomePageHandlerMapping    : Adding welcome page template: index
2022-03-21 14:27:17.050  INFO 1378 --- [    Test worker] o.s.s.web.DefaultSecurityFilterChain     : Will secure any request with [org.springframework.security.web.context.request.async.WebAsyncManagerIntegrationFilter@7d256a55, org.springframework.security.web.context.SecurityContextPersistenceFilter@481dc7a, org.springframework.security.web.header.HeaderWriterFilter@7bbed6b7, org.springframework.security.web.csrf.CsrfFilter@4a8b641, org.springframework.security.web.authentication.logout.LogoutFilter@361ab80b, org.springframework.security.oauth2.client.web.OAuth2AuthorizationRequestRedirectFilter@1e92e89a, org.springframework.security.oauth2.client.web.OAuth2AuthorizationRequestRedirectFilter@54b5cae7, org.springframework.security.oauth2.client.web.OAuth2LoginAuthenticationFilter@1833d587, org.springframework.security.web.authentication.ui.DefaultLoginPageGeneratingFilter@4b4f7e0d, org.springframework.security.web.authentication.ui.DefaultLogoutPageGeneratingFilter@3171257c, org.springframework.security.web.savedrequest.RequestCacheAwareFilter@575403de, org.springframework.security.web.servletapi.SecurityContextHolderAwareRequestFilter@5a526ced, org.springframework.security.web.authentication.AnonymousAuthenticationFilter@3059ff6b, org.springframework.security.oauth2.client.web.OAuth2AuthorizationCodeGrantFilter@3d8795cc, org.springframework.security.web.session.SessionManagementFilter@3ae56d3f, org.springframework.security.web.access.ExceptionTranslationFilter@1a0921fd, org.springframework.security.web.access.intercept.FilterSecurityInterceptor@55c67a94]
2022-03-21 14:27:17.125  INFO 1378 --- [    Test worker] o.s.b.t.m.w.SpringBootMockServletContext : Initializing Spring TestDispatcherServlet ''
2022-03-21 14:27:17.126  INFO 1378 --- [    Test worker] o.s.t.web.servlet.TestDispatcherServlet  : Initializing Servlet ''
2022-03-21 14:27:17.127  INFO 1378 --- [    Test worker] o.s.t.web.servlet.TestDispatcherServlet  : Completed initialization in 1 ms
2022-03-21 14:27:17.139  INFO 1378 --- [    Test worker] com.stimulus.web.HelloControllerTest     : Started HelloControllerTest in 0.675 seconds (JVM running for 7.08)
]]></system-out>
  <system-err><![CDATA[]]></system-err>
</testsuite>
