<?xml version="1.0" encoding="UTF-8"?>
<testsuite name="com.stimulus.web.HelloControllerTest" tests="2" skipped="0" failures="0" errors="0" timestamp="2022-03-21T06:19:26" hostname="theinesui-MacBook-Pro.local" time="0.146">
  <properties/>
  <testcase name="hello가_리턴된다" classname="com.stimulus.web.HelloControllerTest" time="0.06"/>
  <testcase name="helloDto가_리턴된다" classname="com.stimulus.web.HelloControllerTest" time="0.085"/>
  <system-out><![CDATA[2022-03-21 15:19:26.098  INFO 1593 --- [    Test worker] .b.t.a.w.s.WebMvcTestContextBootstrapper : Neither @ContextConfiguration nor @ContextHierarchy found for test class [com.stimulus.web.HelloControllerTest], using SpringBootContextLoader
2022-03-21 15:19:26.099  INFO 1593 --- [    Test worker] o.s.t.c.support.AbstractContextLoader    : Could not detect default resource locations for test class [com.stimulus.web.HelloControllerTest]: no resource found for suffixes {-context.xml, Context.groovy}.
2022-03-21 15:19:26.100  INFO 1593 --- [    Test worker] t.c.s.AnnotationConfigContextLoaderUtils : Could not detect default configuration classes for test class [com.stimulus.web.HelloControllerTest]: HelloControllerTest does not declare any static, non-private, non-final, nested classes annotated with @Configuration.
2022-03-21 15:19:26.121  INFO 1593 --- [    Test worker] .b.t.c.SpringBootTestContextBootstrapper : Found @SpringBootConfiguration com.stimulus.Application for test class com.stimulus.web.HelloControllerTest
2022-03-21 15:19:26.122  INFO 1593 --- [    Test worker] .b.t.a.w.s.WebMvcTestContextBootstrapper : Loaded default TestExecutionListener class names from location [META-INF/spring.factories]: [org.springframework.security.test.context.support.WithSecurityContextTestExecutionListener, org.springframework.security.test.context.support.ReactorContextTestExecutionListener, org.springframework.boot.test.autoconfigure.restdocs.RestDocsTestExecutionListener, org.springframework.boot.test.autoconfigure.web.client.MockRestServiceServerResetTestExecutionListener, org.springframework.boot.test.autoconfigure.web.servlet.MockMvcPrintOnlyOnFailureTestExecutionListener, org.springframework.boot.test.autoconfigure.web.servlet.WebDriverTestExecutionListener, org.springframework.boot.test.mock.mockito.MockitoTestExecutionListener, org.springframework.boot.test.mock.mockito.ResetMocksTestExecutionListener, org.springframework.test.context.web.ServletTestExecutionListener, org.springframework.test.context.support.DirtiesContextBeforeModesTestExecutionListener, org.springframework.test.context.support.DependencyInjectionTestExecutionListener, org.springframework.test.context.support.DirtiesContextTestExecutionListener, org.springframework.test.context.transaction.TransactionalTestExecutionListener, org.springframework.test.context.jdbc.SqlScriptsTestExecutionListener]
2022-03-21 15:19:26.123  INFO 1593 --- [    Test worker] .b.t.a.w.s.WebMvcTestContextBootstrapper : Using TestExecutionListeners: [org.springframework.test.context.web.ServletTestExecutionListener@36d3bcb4, org.springframework.test.context.support.DirtiesContextBeforeModesTestExecutionListener@4865548b, org.springframework.boot.test.mock.mockito.MockitoTestExecutionListener@383b10d3, org.springframework.boot.test.autoconfigure.SpringBootDependencyInjectionTestExecutionListener@485139f4, org.springframework.test.context.support.DirtiesContextTestExecutionListener@634c0a56, org.springframework.test.context.transaction.TransactionalTestExecutionListener@16fdbb8, org.springframework.test.context.jdbc.SqlScriptsTestExecutionListener@61b2eece, org.springframework.security.test.context.support.WithSecurityContextTestExecutionListener@206de595, org.springframework.security.test.context.support.ReactorContextTestExecutionListener@23f04574, org.springframework.boot.test.autoconfigure.restdocs.RestDocsTestExecutionListener@5c3df8a9, org.springframework.boot.test.autoconfigure.web.client.MockRestServiceServerResetTestExecutionListener@2a0fb97e, org.springframework.boot.test.autoconfigure.web.servlet.MockMvcPrintOnlyOnFailureTestExecutionListener@6501b0e7, org.springframework.boot.test.autoconfigure.web.servlet.WebDriverTestExecutionListener@44fb82d6, org.springframework.boot.test.mock.mockito.ResetMocksTestExecutionListener@7730c250]

  .   ____          _            __ _ _
 /\\ / ___'_ __ _ _(_)_ __  __ _ \ \ \ \
( ( )\___ | '_ | '_| | '_ \/ _` | \ \ \ \
 \\/  ___)| |_)| | | | | || (_| |  ) ) ) )
  '  |____| .__|_| |_|_| |_\__, | / / / /
 =========|_|==============|___/=/_/_/_/
 :: Spring Boot ::        (v2.1.7.RELEASE)

2022-03-21 15:19:26.156  INFO 1593 --- [    Test worker] com.stimulus.web.HelloControllerTest     : Starting HelloControllerTest on theinesui-MacBook-Pro.local with PID 1593 (started by theines in /Users/theines/Desktop/projects/springboot/stimulus)
2022-03-21 15:19:26.157  INFO 1593 --- [    Test worker] com.stimulus.web.HelloControllerTest     : The following profiles are active: oauth
2022-03-21 15:19:26.493  INFO 1593 --- [    Test worker] o.s.s.concurrent.ThreadPoolTaskExecutor  : Initializing ExecutorService 'applicationTaskExecutor'
2022-03-21 15:19:26.528  INFO 1593 --- [    Test worker] o.s.b.a.w.s.WelcomePageHandlerMapping    : Adding welcome page template: index
2022-03-21 15:19:26.675  INFO 1593 --- [    Test worker] .s.s.UserDetailsServiceAutoConfiguration : 

Using generated security password: 8d185494-1a35-4730-902a-0c4d624d31c5

2022-03-21 15:19:26.777  INFO 1593 --- [    Test worker] o.s.s.web.DefaultSecurityFilterChain     : Creating filter chain: any request, [org.springframework.security.web.context.request.async.WebAsyncManagerIntegrationFilter@7ca79644, org.springframework.security.web.context.SecurityContextPersistenceFilter@55addc2b, org.springframework.security.web.header.HeaderWriterFilter@63d86327, org.springframework.security.web.csrf.CsrfFilter@1d161de4, org.springframework.security.web.authentication.logout.LogoutFilter@5d8c1e28, org.springframework.security.web.authentication.UsernamePasswordAuthenticationFilter@2d3a5070, org.springframework.security.web.authentication.ui.DefaultLoginPageGeneratingFilter@4aa4f05e, org.springframework.security.web.authentication.ui.DefaultLogoutPageGeneratingFilter@134c4ba9, org.springframework.security.web.authentication.www.BasicAuthenticationFilter@3db3cfd1, org.springframework.security.web.savedrequest.RequestCacheAwareFilter@413ead28, org.springframework.security.web.servletapi.SecurityContextHolderAwareRequestFilter@61df3f73, org.springframework.security.web.authentication.AnonymousAuthenticationFilter@30a2d356, org.springframework.security.web.session.SessionManagementFilter@4e8cbb85, org.springframework.security.web.access.ExceptionTranslationFilter@39e5ac4a, org.springframework.security.web.access.intercept.FilterSecurityInterceptor@246a1631]
2022-03-21 15:19:26.802  INFO 1593 --- [    Test worker] o.s.b.t.m.w.SpringBootMockServletContext : Initializing Spring TestDispatcherServlet ''
2022-03-21 15:19:26.802  INFO 1593 --- [    Test worker] o.s.t.web.servlet.TestDispatcherServlet  : Initializing Servlet ''
2022-03-21 15:19:26.812  INFO 1593 --- [    Test worker] o.s.t.web.servlet.TestDispatcherServlet  : Completed initialization in 9 ms
2022-03-21 15:19:26.833  INFO 1593 --- [    Test worker] com.stimulus.web.HelloControllerTest     : Started HelloControllerTest in 0.708 seconds (JVM running for 6.572)
]]></system-out>
  <system-err><![CDATA[]]></system-err>
</testsuite>
