<?xml version="1.0" encoding="UTF-8"?>
<testsuite name="com.stimulus.web.HelloControllerTest" tests="2" skipped="0" failures="0" errors="0" timestamp="2022-03-21T07:07:15" hostname="theinesui-MacBook-Pro.local" time="0.108">
  <properties/>
  <testcase name="hello가_리턴된다" classname="com.stimulus.web.HelloControllerTest" time="0.049"/>
  <testcase name="helloDto가_리턴된다" classname="com.stimulus.web.HelloControllerTest" time="0.058"/>
  <system-out><![CDATA[2022-03-21 16:07:14.363  INFO 2193 --- [    Test worker] .b.t.a.w.s.WebMvcTestContextBootstrapper : Neither @ContextConfiguration nor @ContextHierarchy found for test class [com.stimulus.web.HelloControllerTest], using SpringBootContextLoader
2022-03-21 16:07:14.364  INFO 2193 --- [    Test worker] o.s.t.c.support.AbstractContextLoader    : Could not detect default resource locations for test class [com.stimulus.web.HelloControllerTest]: no resource found for suffixes {-context.xml, Context.groovy}.
2022-03-21 16:07:14.364  INFO 2193 --- [    Test worker] t.c.s.AnnotationConfigContextLoaderUtils : Could not detect default configuration classes for test class [com.stimulus.web.HelloControllerTest]: HelloControllerTest does not declare any static, non-private, non-final, nested classes annotated with @Configuration.
2022-03-21 16:07:14.382  INFO 2193 --- [    Test worker] .b.t.c.SpringBootTestContextBootstrapper : Found @SpringBootConfiguration com.stimulus.Application for test class com.stimulus.web.HelloControllerTest
2022-03-21 16:07:14.383  INFO 2193 --- [    Test worker] .b.t.a.w.s.WebMvcTestContextBootstrapper : Loaded default TestExecutionListener class names from location [META-INF/spring.factories]: [org.springframework.security.test.context.support.WithSecurityContextTestExecutionListener, org.springframework.security.test.context.support.ReactorContextTestExecutionListener, org.springframework.boot.test.autoconfigure.restdocs.RestDocsTestExecutionListener, org.springframework.boot.test.autoconfigure.web.client.MockRestServiceServerResetTestExecutionListener, org.springframework.boot.test.autoconfigure.web.servlet.MockMvcPrintOnlyOnFailureTestExecutionListener, org.springframework.boot.test.autoconfigure.web.servlet.WebDriverTestExecutionListener, org.springframework.boot.test.mock.mockito.MockitoTestExecutionListener, org.springframework.boot.test.mock.mockito.ResetMocksTestExecutionListener, org.springframework.test.context.web.ServletTestExecutionListener, org.springframework.test.context.support.DirtiesContextBeforeModesTestExecutionListener, org.springframework.test.context.support.DependencyInjectionTestExecutionListener, org.springframework.test.context.support.DirtiesContextTestExecutionListener, org.springframework.test.context.transaction.TransactionalTestExecutionListener, org.springframework.test.context.jdbc.SqlScriptsTestExecutionListener]
2022-03-21 16:07:14.384  INFO 2193 --- [    Test worker] .b.t.a.w.s.WebMvcTestContextBootstrapper : Using TestExecutionListeners: [org.springframework.test.context.web.ServletTestExecutionListener@6756d434, org.springframework.test.context.support.DirtiesContextBeforeModesTestExecutionListener@242f0b84, org.springframework.boot.test.mock.mockito.MockitoTestExecutionListener@6b4db917, org.springframework.boot.test.autoconfigure.SpringBootDependencyInjectionTestExecutionListener@eb73530, org.springframework.test.context.support.DirtiesContextTestExecutionListener@5f91b7a6, org.springframework.test.context.transaction.TransactionalTestExecutionListener@33ef4fb, org.springframework.test.context.jdbc.SqlScriptsTestExecutionListener@5bd708a, org.springframework.security.test.context.support.WithSecurityContextTestExecutionListener@3214dbb8, org.springframework.security.test.context.support.ReactorContextTestExecutionListener@606a66db, org.springframework.boot.test.autoconfigure.restdocs.RestDocsTestExecutionListener@1407cf01, org.springframework.boot.test.autoconfigure.web.client.MockRestServiceServerResetTestExecutionListener@7ad0d42b, org.springframework.boot.test.autoconfigure.web.servlet.MockMvcPrintOnlyOnFailureTestExecutionListener@6e0d19d2, org.springframework.boot.test.autoconfigure.web.servlet.WebDriverTestExecutionListener@5de2e676, org.springframework.boot.test.mock.mockito.ResetMocksTestExecutionListener@77b7550c]

  .   ____          _            __ _ _
 /\\ / ___'_ __ _ _(_)_ __  __ _ \ \ \ \
( ( )\___ | '_ | '_| | '_ \/ _` | \ \ \ \
 \\/  ___)| |_)| | | | | || (_| |  ) ) ) )
  '  |____| .__|_| |_|_| |_\__, | / / / /
 =========|_|==============|___/=/_/_/_/
 :: Spring Boot ::        (v2.1.7.RELEASE)

2022-03-21 16:07:14.417  INFO 2193 --- [    Test worker] com.stimulus.web.HelloControllerTest     : Starting HelloControllerTest on theinesui-MacBook-Pro.local with PID 2193 (started by theines in /Users/theines/Desktop/projects/springboot/stimulus)
2022-03-21 16:07:14.417  INFO 2193 --- [    Test worker] com.stimulus.web.HelloControllerTest     : The following profiles are active: oauth
2022-03-21 16:07:14.721  INFO 2193 --- [    Test worker] o.s.s.concurrent.ThreadPoolTaskExecutor  : Initializing ExecutorService 'applicationTaskExecutor'
2022-03-21 16:07:14.758  INFO 2193 --- [    Test worker] o.s.b.a.w.s.WelcomePageHandlerMapping    : Adding welcome page template: index
2022-03-21 16:07:14.892  INFO 2193 --- [    Test worker] .s.s.UserDetailsServiceAutoConfiguration : 

Using generated security password: cc1d7bac-3a2a-4f6c-adff-119548eae635

2022-03-21 16:07:14.985  INFO 2193 --- [    Test worker] o.s.s.web.DefaultSecurityFilterChain     : Creating filter chain: any request, [org.springframework.security.web.context.request.async.WebAsyncManagerIntegrationFilter@7b74d838, org.springframework.security.web.context.SecurityContextPersistenceFilter@59bd90ec, org.springframework.security.web.header.HeaderWriterFilter@23daa8ea, org.springframework.security.web.csrf.CsrfFilter@52f61b94, org.springframework.security.web.authentication.logout.LogoutFilter@52cb3076, org.springframework.security.web.authentication.UsernamePasswordAuthenticationFilter@44e21c5e, org.springframework.security.web.authentication.ui.DefaultLoginPageGeneratingFilter@4a463bb5, org.springframework.security.web.authentication.ui.DefaultLogoutPageGeneratingFilter@7ea5d98, org.springframework.security.web.authentication.www.BasicAuthenticationFilter@367728c0, org.springframework.security.web.savedrequest.RequestCacheAwareFilter@6c027219, org.springframework.security.web.servletapi.SecurityContextHolderAwareRequestFilter@1ae90a8b, org.springframework.security.web.authentication.AnonymousAuthenticationFilter@854548d, org.springframework.security.web.session.SessionManagementFilter@41922dbe, org.springframework.security.web.access.ExceptionTranslationFilter@2a53eb21, org.springframework.security.web.access.intercept.FilterSecurityInterceptor@34295ba8]
2022-03-21 16:07:15.011  INFO 2193 --- [    Test worker] o.s.b.t.m.w.SpringBootMockServletContext : Initializing Spring TestDispatcherServlet ''
2022-03-21 16:07:15.011  INFO 2193 --- [    Test worker] o.s.t.web.servlet.TestDispatcherServlet  : Initializing Servlet ''
2022-03-21 16:07:15.021  INFO 2193 --- [    Test worker] o.s.t.web.servlet.TestDispatcherServlet  : Completed initialization in 10 ms
2022-03-21 16:07:15.043  INFO 2193 --- [    Test worker] com.stimulus.web.HelloControllerTest     : Started HelloControllerTest in 0.657 seconds (JVM running for 7.233)
]]></system-out>
  <system-err><![CDATA[]]></system-err>
</testsuite>
